#
# There is insufficient memory for the Java Runtime Environment to continue.
# Native memory allocation (mmap) failed to map 132120576 bytes for Failed to commit area from 0x0000000082200000 to 0x000000008a000000 of length 132120576.
# Possible reasons:
#   The system is out of physical RAM or swap space
#   The process is running with CompressedOops enabled, and the Java Heap may be blocking the growth of the native heap
# Possible solutions:
#   Reduce memory load on the system
#   Increase physical memory or swap space
#   Check if swap backing store is full
#   Decrease Java heap size (-Xmx/-Xms)
#   Decrease number of Java threads
#   Decrease Java thread stack sizes (-Xss)
#   Set larger code cache with -XX:ReservedCodeCacheSize=
# This output file may be truncated or incomplete.
#
#  Out of Memory Error (os_windows.cpp:3386), pid=12228, tid=2308
#
# JRE version:  (11.0.21+9) (build )
# Java VM: OpenJDK 64-Bit Server VM (11.0.21+9, mixed mode, sharing, tiered, compressed oops, g1 gc, windows-amd64)
# No core dump will be written. Minidumps are not enabled by default on client versions of Windows
#

---------------  S U M M A R Y ------------

Command Line: -ea -Dfile.encoding=UTF-8 -Dstdout.encoding=UTF-8 -Dstderr.encoding=UTF-8 org.eclipse.jdt.internal.junit.runner.RemoteTestRunner -version 3 -port 50984 -testLoaderClass org.eclipse.jdt.internal.junit4.runner.JUnit4TestLoader -loaderpluginname org.eclipse.jdt.junit4.runtime -test org.sellgirlPayHelperNotSpring.Uncheck001:testAutoBackupPhone

Host: Intel(R) Core(TM) i5-7200U CPU @ 2.50GHz, 4 cores, 7G,  Windows 10 , 64 bit Build 19041 (10.0.19041.3636)
Time: Wed Aug 27 11:18:34 2025  Windows 10 , 64 bit Build 19041 (10.0.19041.3636) elapsed time: 0.031863 seconds (0d 0h 0m 0s)

---------------  T H R E A D  ---------------

Current thread (0x00000207df42a000):  JavaThread "Unknown thread" [_thread_in_vm, id=2308, stack(0x0000009cda700000,0x0000009cda800000)]

Stack: [0x0000009cda700000,0x0000009cda800000]
Native frames: (J=compiled Java code, j=interpreted, Vv=VM code, C=native code)
V  [jvm.dll+0x64601a]
V  [jvm.dll+0x7d9b29]
V  [jvm.dll+0x7db229]
V  [jvm.dll+0x7db913]
V  [jvm.dll+0x26a0a5]
V  [jvm.dll+0x643239]
V  [jvm.dll+0x6377b5]
V  [jvm.dll+0x32618c]
V  [jvm.dll+0x326012]
V  [jvm.dll+0x32abe6]
V  [jvm.dll+0x372f02]
V  [jvm.dll+0x372961]
V  [jvm.dll+0x3018c8]
V  [jvm.dll+0x3029c5]
V  [jvm.dll+0x7b2c27]
V  [jvm.dll+0x7b43ef]
V  [jvm.dll+0x3802c9]
V  [jvm.dll+0x794d7f]
V  [jvm.dll+0x3f0d67]
V  [jvm.dll+0x3f3251]
C  [jli.dll+0x52ef]
C  [ucrtbase.dll+0x21bb2]
C  [KERNEL32.DLL+0x17344]
C  [ntdll.dll+0x526b1]


---------------  P R O C E S S  ---------------

Threads class SMR info:
_java_thread_list=0x00000207dd346360, length=0, elements={
}

Java Threads: ( => current thread )

Other Threads:
  0x00000207df442800 GCTaskThread "GC Thread#0" [stack: 0x0000009cda800000,0x0000009cda900000] [id=3108]
  0x00000207df474800 ConcurrentGCThread "G1 Main Marker" [stack: 0x0000009cda900000,0x0000009cdaa00000] [id=6128]
  0x00000207df477800 ConcurrentGCThread "G1 Conc#0" [stack: 0x0000009cdaa00000,0x0000009cdab00000] [id=5016]

[error occurred during error reporting (printing all threads), id 0xc0000005, EXCEPTION_ACCESS_VIOLATION (0xc0000005) at pc=0x00007fffc0c72307]

VM state:not at safepoint (not fully initialized)

VM Mutex/Monitor currently owned by a thread:  ([mutex/lock_event])
[0x00000207df427030] Heap_lock - owner thread: 0x00000207df42a000

Heap address: 0x0000000082200000, size: 2014 MB, Compressed Oops mode: Non-zero based: 0x0000000082200000
Narrow klass base: 0x0000000000000000, Narrow klass shift: 0

GC Heap History (0 events):
No events

Deoptimization events (0 events):
No events

Classes redefined (0 events):
No events

Internal exceptions (0 events):
No events

Events (1 events):
Event: 0.017 Loaded shared library D:\Program Files\Java\jdk-11.0.21\bin\zip.dll


Dynamic libraries:
0x00007ff7c4520000 - 0x00007ff7c452e000 	D:\Program Files\Java\jdk-11.0.21\bin\javaw.exe
0x00007ff831f30000 - 0x00007ff832128000 	C:\windows\SYSTEM32\ntdll.dll
0x00007ff831e30000 - 0x00007ff831eed000 	C:\windows\System32\KERNEL32.DLL
0x00007ff82fc60000 - 0x00007ff82ff56000 	C:\windows\System32\KERNELBASE.dll
0x00007ff82f5e0000 - 0x00007ff82f6e0000 	C:\windows\System32\ucrtbase.dll
0x00007ff818f90000 - 0x00007ff818fab000 	D:\Program Files\Java\jdk-11.0.21\bin\VCRUNTIME140.dll
0x00007ff8151a0000 - 0x00007ff8151b7000 	D:\Program Files\Java\jdk-11.0.21\bin\jli.dll
0x00007ff831240000 - 0x00007ff8313df000 	C:\windows\System32\USER32.dll
0x00007ff82fb60000 - 0x00007ff82fb82000 	C:\windows\System32\win32u.dll
0x00007ff831210000 - 0x00007ff83123b000 	C:\windows\System32\GDI32.dll
0x00007ff82f960000 - 0x00007ff82fa77000 	C:\windows\System32\gdi32full.dll
0x00007ff82fbc0000 - 0x00007ff82fc5d000 	C:\windows\System32\msvcp_win.dll
0x00007ff81b9a0000 - 0x00007ff81bc3a000 	C:\windows\WinSxS\amd64_microsoft.windows.common-controls_6595b64144ccf1df_6.0.19041.3636_none_60b6a03d71f818d5\COMCTL32.dll
0x00007ff8303f0000 - 0x00007ff83048e000 	C:\windows\System32\msvcrt.dll
0x00007ff831b80000 - 0x00007ff831bb2000 	C:\windows\System32\IMM32.DLL
0x00007ff82a030000 - 0x00007ff82a03c000 	D:\Program Files\Java\jdk-11.0.21\bin\vcruntime140_1.dll
0x00007fffff730000 - 0x00007fffff7bd000 	D:\Program Files\Java\jdk-11.0.21\bin\msvcp140.dll
0x00007fffc0960000 - 0x00007fffc1523000 	D:\Program Files\Java\jdk-11.0.21\bin\server\jvm.dll
0x00007ff831bc0000 - 0x00007ff831c70000 	C:\windows\System32\ADVAPI32.dll
0x00007ff831600000 - 0x00007ff8316a0000 	C:\windows\System32\sechost.dll
0x00007ff830130000 - 0x00007ff830253000 	C:\windows\System32\RPCRT4.dll
0x00007ff82fb90000 - 0x00007ff82fbb7000 	C:\windows\System32\bcrypt.dll
0x00007ff831200000 - 0x00007ff831208000 	C:\windows\System32\PSAPI.DLL
0x00007ff82a010000 - 0x00007ff82a019000 	C:\windows\SYSTEM32\WSOCK32.dll
0x00007ff830c60000 - 0x00007ff830ccb000 	C:\windows\System32\WS2_32.dll
0x00007ff818a60000 - 0x00007ff818a87000 	C:\windows\SYSTEM32\WINMM.dll
0x00007ff82c420000 - 0x00007ff82c42a000 	C:\windows\SYSTEM32\VERSION.dll
0x00007ff82ddc0000 - 0x00007ff82ddd2000 	C:\windows\SYSTEM32\kernel.appcore.dll
0x00007ff826b60000 - 0x00007ff826b70000 	D:\Program Files\Java\jdk-11.0.21\bin\verify.dll
0x00007ff82d330000 - 0x00007ff82d514000 	C:\windows\SYSTEM32\DBGHELP.DLL
0x00007ff8133c0000 - 0x00007ff8133f4000 	C:\windows\SYSTEM32\dbgcore.DLL
0x00007ff82fa80000 - 0x00007ff82fb02000 	C:\windows\System32\bcryptPrimitives.dll
0x00007ff80fe50000 - 0x00007ff80fe78000 	D:\Program Files\Java\jdk-11.0.21\bin\java.dll
0x00007ff81fb40000 - 0x00007ff81fb4a000 	D:\Program Files\Java\jdk-11.0.21\bin\jimage.dll
0x00007ff80fd40000 - 0x00007ff80fd58000 	D:\Program Files\Java\jdk-11.0.21\bin\zip.dll

dbghelp: loaded successfully - version: 4.0.5 - missing functions: none
symbol engine: initialized successfully - sym options: 0x614 - pdb path: .;D:\Program Files\Java\jdk-11.0.21\bin;C:\windows\SYSTEM32;C:\windows\WinSxS\amd64_microsoft.windows.common-controls_6595b64144ccf1df_6.0.19041.3636_none_60b6a03d71f818d5;D:\Program Files\Java\jdk-11.0.21\bin\server

VM Arguments:
jvm_args: -ea -Dfile.encoding=UTF-8 -Dstdout.encoding=UTF-8 -Dstderr.encoding=UTF-8 
java_command: org.eclipse.jdt.internal.junit.runner.RemoteTestRunner -version 3 -port 50984 -testLoaderClass org.eclipse.jdt.internal.junit4.runner.JUnit4TestLoader -loaderpluginname org.eclipse.jdt.junit4.runtime -test org.sellgirlPayHelperNotSpring.Uncheck001:testAutoBackupPhone
java_class_path (initial): D:\github\PaySellgirl\sgJavaHelper\target\test-classes;D:\github\PaySellgirl\sgJavaHelper\target\classes;D:\maven_repository\junit\junit\4.13.2\junit-4.13.2.jar;D:\maven_repository\org\hamcrest\hamcrest-core\1.3\hamcrest-core-1.3.jar;D:\maven_repository\org\dom4j\dom4j\2.1.3\dom4j-2.1.3.jar;D:\maven_repository\org\slf4j\slf4j-simple\1.7.30\slf4j-simple-1.7.30.jar;D:\maven_repository\org\slf4j\slf4j-api\1.7.30\slf4j-api-1.7.30.jar;D:\maven_repository\com\alibaba\fastjson\1.2.83\fastjson-1.2.83.jar;D:\maven_repository\com\fasterxml\jackson\core\jackson-core\2.13.5\jackson-core-2.13.5.jar;D:\maven_repository\com\fasterxml\jackson\core\jackson-annotations\2.13.5\jackson-annotations-2.13.5.jar;D:\maven_repository\com\fasterxml\jackson\core\jackson-databind\2.13.5\jackson-databind-2.13.5.jar;D:\maven_repository\org\apache\commons\commons-lang3\3.4\commons-lang3-3.4.jar;D:\maven_repository\org\apache\httpcomponents\httpclient\4.5.13\httpclient-4.5.13.jar;D:\maven_repository\org\apache\httpcomponents\httpcore\4.4.13\httpcore-4.4.13.jar;D:\maven_repository\commons-logging\commons-logging\1.2\commons-logging-1.2.jar;D:\maven_repository\commons-codec\commons-codec\1.11\commons-codec-1.11.jar;D:\maven_repository\org\apache\httpcomponents\httpmime\4.5.13\httpmime-4.5.13.jar;D:\maven_repository\com\aliyun\openservices\ons-client\1.7.9.Final\ons-client-1.7.9.Final.jar;D:\maven_repository\com\sun\mail\javax.mail\1.6.2\javax.mail-1.6.2.jar;D:\maven_repository\javax\activation\activation\1.1\activation-1.1.jar;D:\maven_repository\org\apache\commons\commons-email\1.5\commons-email-1.5.jar;D:\maven_repository\redis\clients\jedis\3.6.0\jedis-3.6.0.jar;D:\maven_repository\org\apache\commons\commons-pool2\2.9.0\commons-pool2-2.9.0.jar;D:\maven_repository\com\microsoft\sqlserver\mssql-jdbc\6.2.2.jre8\mssql-jdbc-6.2.2.jre8.jar;D:\maven_repository\javax\annotation\jsr250-api\1.0\jsr250-api-1.0.jar;D:\maven_repository\com\fasterxml\jackson\dataformat\jackson-dataf
Launcher Type: SUN_STANDARD

[Global flags]
     intx CICompilerCount                          = 3                                         {product} {ergonomic}
     uint ConcGCThreads                            = 1                                         {product} {ergonomic}
     uint G1ConcRefinementThreads                  = 4                                         {product} {ergonomic}
   size_t G1HeapRegionSize                         = 1048576                                   {product} {ergonomic}
    uintx GCDrainStackTargetSize                   = 64                                        {product} {ergonomic}
   size_t InitialHeapSize                          = 132120576                                 {product} {ergonomic}
   size_t MarkStackSize                            = 4194304                                   {product} {ergonomic}
   size_t MaxHeapSize                              = 2111832064                                {product} {ergonomic}
   size_t MinHeapDeltaBytes                        = 1048576                                   {product} {ergonomic}
    uintx NonNMethodCodeHeapSize                   = 5830732                                {pd product} {ergonomic}
    uintx NonProfiledCodeHeapSize                  = 122913754                              {pd product} {ergonomic}
    uintx ProfiledCodeHeapSize                     = 122913754                              {pd product} {ergonomic}
    uintx ReservedCodeCacheSize                    = 251658240                              {pd product} {ergonomic}
     bool SegmentedCodeCache                       = true                                      {product} {ergonomic}
     bool UseCompressedClassPointers               = true                                 {lp64_product} {ergonomic}
     bool UseCompressedOops                        = true                                 {lp64_product} {ergonomic}
     bool UseG1GC                                  = true                                      {product} {ergonomic}
     bool UseLargePagesIndividualAllocation        = false                                  {pd product} {ergonomic}

Logging:
Log output configuration:
 #0: stdout all=warning uptime,level,tags
 #1: stderr all=off uptime,level,tags

Environment Variables:
JAVA_HOME=D:\Program Files\Java\jdk-17.0.8+7
PATH=D:/Program Files/Java/jdk-17.0.8+7/bin/server;D:/Program Files/Java/jdk-17.0.8+7/bin;C:\windows\system32;C:\windows;C:\windows\System32\Wbem;C:\windows\System32\WindowsPowerShell\v1.0\;C:\windows\System32\OpenSSH\;D:\Program Files\maven\bin;D:\gradle\gradle-8.6\bin;D:\Program Files\Git\cmd;C:\Program Files\Docker\Docker\resources\bin;D:\Program Files\javafx\javafx-sdk-22.0.1\bin;D:\msys64\ucrt64\bin;D:\Program Files\Go\bin;D:\soft\Microsoft VS Code\bin;D:\soft\git-repo-clean-1.4.2-Windows-64\releases\1.4.2\Windows-64;D:\Program Files\Java\jdk-17.0.8+7\bin;D:\Android\android-sdk\tools;D:\Android\android-sdk\tools\bin;D:\Android\android-sdk\platform-tools;D:\Program Files (x86)\MySQL\MySQL Server 5.1\bin;C:\Program Files\Microsoft SQL Server\150\Tools\Binn\;C:\Program Files\Microsoft SQL Server\Client SDK\ODBC\170\Tools\Binn\;C:\Program Files\dotnet\;C:\Users\Administrator\AppData\Local\Microsoft\WindowsApps;C:\Users\Administrator\.dotnet\tools;C:\Users\Administrator\Desktop;
USERNAME=Administrator
OS=Windows_NT
PROCESSOR_IDENTIFIER=Intel64 Family 6 Model 142 Stepping 9, GenuineIntel
TMP=C:\Users\ADMINI~1\AppData\Local\Temp
TEMP=C:\Users\ADMINI~1\AppData\Local\Temp



---------------  S Y S T E M  ---------------

OS: Windows 10 , 64 bit Build 19041 (10.0.19041.3636)
OS uptime: 1 days 4:24 hours
Hyper-V role detected

CPU:total 4 (initial active 4) (2 cores per cpu, 2 threads per core) family 6 model 142 stepping 9 microcode 0xb4, cmov, cx8, fxsr, mmx, sse, sse2, sse3, ssse3, sse4.1, sse4.2, popcnt, avx, avx2, aes, clmul, erms, 3dnowpref, lzcnt, ht, tsc, tscinvbit, bmi1, bmi2, adx, fma

Memory: 4k page, system-wide physical 8051M (564M free)
TotalPageFile size 12609M (AvailPageFile size 52M)
current process WorkingSet (physical memory assigned to process): 10M, peak: 10M
current process commit charge ("private bytes"): 51M, peak: 177M

vm_info: OpenJDK 64-Bit Server VM (11.0.21+9) for windows-amd64 JRE (11.0.21+9), built on Oct 17 2023 22:10:05 by "" with MS VC++ 16.10 / 16.11 (VS2019)

END.
